app/build/intermediates/manifest_merge_blame_file/debug/processDebugMainManifest/manifest-merger-blame-debug-report.txt
1<?xml version="1.0" encoding="utf-8"?>
2<manifest xmlns:android="http://schemas.android.com/apk/res/android"
3    package="com.pinterest.optimizer"
4    android:installLocation="auto"
5    android:versionCode="1"
6    android:versionName="1.0" >
7
8    <uses-sdk
9        android:minSdkVersion="24"
10        android:targetSdkVersion="34" />
11
12    <uses-permission android:name="android.permission.INTERNET" />
12-->src\main\AndroidManifest.xml:6:5-67
12-->src\main\AndroidManifest.xml:6:22-64
13    <uses-permission android:name="android.permission.READ_EXTERNAL_STORAGE" />
13-->src\main\AndroidManifest.xml:7:5-80
13-->src\main\AndroidManifest.xml:7:22-77
14    <uses-permission android:name="android.permission.CAMERA" />
14-->src\main\AndroidManifest.xml:8:5-65
14-->src\main\AndroidManifest.xml:8:22-62
15    <uses-permission android:name="android.permission.ACCESS_NETWORK_STATE" />
15-->src\main\AndroidManifest.xml:9:5-79
15-->src\main\AndroidManifest.xml:9:22-76
16    <uses-permission android:name="android.permission.WAKE_LOCK" />
16-->[androidx.work:work-runtime:2.11.2] AndroidManifest.xml:23:5-68
16-->[androidx.work:work-runtime:2.11.2] AndroidManifest.xml:23:22-65
17    <uses-permission android:name="android.permission.RECEIVE_BOOT_COMPLETED" />
17-->[androidx.work:work-runtime:2.11.2] AndroidManifest.xml:25:5-81
17-->[androidx.work:work-runtime:2.11.2] AndroidManifest.xml:25:22-78
18    <uses-permission android:name="android.permission.FOREGROUND_SERVICE" />
18-->[androidx.work:work-runtime:2.11.2] AndroidManifest.xml:26:5-77
18-->[androidx.work:work-runtime:2.11.2] AndroidManifest.xml:26:22-74
19
20    <permission
20-->[androidx.core:core:1.13.1] AndroidManifest.xml:22:5-24:47
21        android:name="com.pinterest.optimizer.DYNAMIC_RECEIVER_NOT_EXPORTED_PERMISSION"
21-->[androidx.core:core:1.13.1] AndroidManifest.xml:23:9-81
22        android:protectionLevel="signature" />
22-->[androidx.core:core:1.13.1] AndroidManifest.xml:24:9-44
23
24    <uses-permission android:name="com.pinterest.optimizer.DYNAMIC_RECEIVER_NOT_EXPORTED_PERMISSION" />
24-->[androidx.core:core:1.13.1] AndroidManifest.xml:26:5-97
24-->[androidx.core:core:1.13.1] AndroidManifest.xml:26:22-94
25
26    <application
26-->src\main\AndroidManifest.xml:11:5-41:19
27        android:name="com.pinterest.optimizer.PinterestOptimizerApp"
27-->src\main\AndroidManifest.xml:12:9-46
28        android:allowBackup="true"
28-->src\main\AndroidManifest.xml:13:9-35
29        android:appComponentFactory="androidx.core.app.CoreComponentFactory"
29-->[androidx.core:core:1.13.1] AndroidManifest.xml:28:18-86
30        android:debuggable="true"
31        android:extractNativeLibs="false"
32        android:label="@string/app_name"
32-->src\main\AndroidManifest.xml:14:9-41
33        android:networkSecurityConfig="@xml/network_security_config"
33-->src\main\AndroidManifest.xml:15:9-69
34        android:supportsRtl="true"
34-->src\main\AndroidManifest.xml:16:9-35
35        android:testOnly="true"
36        android:theme="@style/Theme.PinterestOptimizer"
36-->src\main\AndroidManifest.xml:17:9-56
37        android:usesCleartextTraffic="true" >
37-->src\main\AndroidManifest.xml:18:9-44
38        <activity
38-->src\main\AndroidManifest.xml:20:9-28:20
39            android:name="com.pinterest.optimizer.MainActivity"
39-->src\main\AndroidManifest.xml:21:13-41
40            android:exported="true"
40-->src\main\AndroidManifest.xml:22:13-36
41            android:theme="@style/Theme.PinterestOptimizer" >
41-->src\main\AndroidManifest.xml:23:13-60
42            <intent-filter>
42-->src\main\AndroidManifest.xml:24:13-27:29
43                <action android:name="android.intent.action.MAIN" />
43-->src\main\AndroidManifest.xml:25:17-69
43-->src\main\AndroidManifest.xml:25:25-66
44
45                <category android:name="android.intent.category.LAUNCHER" />
45-->src\main\AndroidManifest.xml:26:17-77
45-->src\main\AndroidManifest.xml:26:27-74
46            </intent-filter>
47        </activity>
48
49        <provider
50            android:name="androidx.startup.InitializationProvider"
50-->src\main\AndroidManifest.xml:31:13-67
51            android:authorities="com.pinterest.optimizer.androidx-startup"
51-->src\main\AndroidManifest.xml:32:13-68
52            android:exported="false" >
52-->src\main\AndroidManifest.xml:33:13-37
53            <meta-data
53-->[androidx.lifecycle:lifecycle-process:2.8.6] AndroidManifest.xml:29:13-31:52
54                android:name="androidx.lifecycle.ProcessLifecycleInitializer"
54-->[androidx.lifecycle:lifecycle-process:2.8.6] AndroidManifest.xml:30:17-78
55                android:value="androidx.startup" />
55-->[androidx.lifecycle:lifecycle-process:2.8.6] AndroidManifest.xml:31:17-49
56            <meta-data
56-->[androidx.emoji2:emoji2:1.3.0] AndroidManifest.xml:29:13-31:52
57                android:name="androidx.emoji2.text.EmojiCompatInitializer"
57-->[androidx.emoji2:emoji2:1.3.0] AndroidManifest.xml:30:17-75
58                android:value="androidx.startup" />
58-->[androidx.emoji2:emoji2:1.3.0] AndroidManifest.xml:31:17-49
59            <meta-data
59-->[androidx.profileinstaller:profileinstaller:1.3.1] AndroidManifest.xml:29:13-31:52
60                android:name="androidx.profileinstaller.ProfileInstallerInitializer"
60-->[androidx.profileinstaller:profileinstaller:1.3.1] AndroidManifest.xml:30:17-85
61                android:value="androidx.startup" />
61-->[androidx.profileinstaller:profileinstaller:1.3.1] AndroidManifest.xml:31:17-49
62        </provider>
63
64        <service
64-->[androidx.work:work-runtime:2.11.2] AndroidManifest.xml:39:9-45:35
65            android:name="androidx.work.impl.background.systemjob.SystemJobService"
65-->[androidx.work:work-runtime:2.11.2] AndroidManifest.xml:40:13-84
66            android:directBootAware="false"
66-->[androidx.work:work-runtime:2.11.2] AndroidManifest.xml:41:13-44
67            android:enabled="@bool/enable_system_job_service_default"
67-->[androidx.work:work-runtime:2.11.2] AndroidManifest.xml:42:13-70
68            android:exported="true"
68-->[androidx.work:work-runtime:2.11.2] AndroidManifest.xml:43:13-36
69            android:permission="android.permission.BIND_JOB_SERVICE" />
69-->[androidx.work:work-runtime:2.11.2] AndroidManifest.xml:44:13-69
70        <service
70-->[androidx.work:work-runtime:2.11.2] AndroidManifest.xml:46:9-52:35
71            android:name="androidx.work.impl.foreground.SystemForegroundService"
71-->[androidx.work:work-runtime:2.11.2] AndroidManifest.xml:47:13-81
72            android:directBootAware="false"
72-->[androidx.work:work-runtime:2.11.2] AndroidManifest.xml:48:13-44
73            android:enabled="@bool/enable_system_foreground_service_default"
73-->[androidx.work:work-runtime:2.11.2] AndroidManifest.xml:49:13-77
74            android:exported="false" />
74-->[androidx.work:work-runtime:2.11.2] AndroidManifest.xml:50:13-37
75
76        <receiver
76-->[androidx.work:work-runtime:2.11.2] AndroidManifest.xml:54:9-59:35
77            android:name="androidx.work.impl.utils.ForceStopRunnable$BroadcastReceiver"
77-->[androidx.work:work-runtime:2.11.2] AndroidManifest.xml:55:13-88
78            android:directBootAware="false"
78-->[androidx.work:work-runtime:2.11.2] AndroidManifest.xml:56:13-44
79            android:enabled="true"
79-->[androidx.work:work-runtime:2.11.2] AndroidManifest.xml:57:13-35
80            android:exported="false" />
80-->[androidx.work:work-runtime:2.11.2] AndroidManifest.xml:58:13-37
81        <receiver
81-->[androidx.work:work-runtime:2.11.2] AndroidManifest.xml:60:9-69:20
82            android:name="androidx.work.impl.background.systemalarm.RescheduleReceiver"
82-->[androidx.work:work-runtime:2.11.2] AndroidManifest.xml:61:13-88
83            android:directBootAware="false"
83-->[androidx.work:work-runtime:2.11.2] AndroidManifest.xml:62:13-44
84            android:enabled="false"
84-->[androidx.work:work-runtime:2.11.2] AndroidManifest.xml:63:13-36
85            android:exported="false" >
85-->[androidx.work:work-runtime:2.11.2] AndroidManifest.xml:64:13-37
86            <intent-filter>
86-->[androidx.work:work-runtime:2.11.2] AndroidManifest.xml:66:13-68:29
87                <action android:name="android.intent.action.BOOT_COMPLETED" />
87-->[androidx.work:work-runtime:2.11.2] AndroidManifest.xml:67:17-79
87-->[androidx.work:work-runtime:2.11.2] AndroidManifest.xml:67:25-76
88            </intent-filter>
89        </receiver>
90        <receiver
90-->[androidx.work:work-runtime:2.11.2] AndroidManifest.xml:70:9-80:20
91            android:name="androidx.work.impl.diagnostics.DiagnosticsReceiver"
91-->[androidx.work:work-runtime:2.11.2] AndroidManifest.xml:71:13-78
92            android:directBootAware="false"
92-->[androidx.work:work-runtime:2.11.2] AndroidManifest.xml:72:13-44
93            android:enabled="true"
93-->[androidx.work:work-runtime:2.11.2] AndroidManifest.xml:73:13-35
94            android:exported="true"
94-->[androidx.work:work-runtime:2.11.2] AndroidManifest.xml:74:13-36
95            android:permission="android.permission.DUMP" >
95-->[androidx.work:work-runtime:2.11.2] AndroidManifest.xml:75:13-57
96            <intent-filter>
96-->[androidx.work:work-runtime:2.11.2] AndroidManifest.xml:77:13-79:29
97                <action android:name="androidx.work.diagnostics.REQUEST_DIAGNOSTICS" />
97-->[androidx.work:work-runtime:2.11.2] AndroidManifest.xml:78:17-88
97-->[androidx.work:work-runtime:2.11.2] AndroidManifest.xml:78:25-85
98            </intent-filter>
99        </receiver>
100
101        <service
101-->[androidx.room:room-runtime-android:2.7.0] AndroidManifest.xml:24:9-28:63
102            android:name="androidx.room.MultiInstanceInvalidationService"
102-->[androidx.room:room-runtime-android:2.7.0] AndroidManifest.xml:25:13-74
103            android:directBootAware="true"
103-->[androidx.room:room-runtime-android:2.7.0] AndroidManifest.xml:26:13-43
104            android:exported="false" />
104-->[androidx.room:room-runtime-android:2.7.0] AndroidManifest.xml:27:13-37
105
106        <receiver
106-->[androidx.profileinstaller:profileinstaller:1.3.1] AndroidManifest.xml:34:9-52:20
107            android:name="androidx.profileinstaller.ProfileInstallReceiver"
107-->[androidx.profileinstaller:profileinstaller:1.3.1] AndroidManifest.xml:35:13-76
108            android:directBootAware="false"
108-->[androidx.profileinstaller:profileinstaller:1.3.1] AndroidManifest.xml:36:13-44
109            android:enabled="true"
109-->[androidx.profileinstaller:profileinstaller:1.3.1] AndroidManifest.xml:37:13-35
110            android:exported="true"
110-->[androidx.profileinstaller:profileinstaller:1.3.1] AndroidManifest.xml:38:13-36
111            android:permission="android.permission.DUMP" >
111-->[androidx.profileinstaller:profileinstaller:1.3.1] AndroidManifest.xml:39:13-57
112            <intent-filter>
112-->[androidx.profileinstaller:profileinstaller:1.3.1] AndroidManifest.xml:40:13-42:29
113                <action android:name="androidx.profileinstaller.action.INSTALL_PROFILE" />
113-->[androidx.profileinstaller:profileinstaller:1.3.1] AndroidManifest.xml:41:17-91
113-->[androidx.profileinstaller:profileinstaller:1.3.1] AndroidManifest.xml:41:25-88
114            </intent-filter>
115            <intent-filter>
115-->[androidx.profileinstaller:profileinstaller:1.3.1] AndroidManifest.xml:43:13-45:29
116                <action android:name="androidx.profileinstaller.action.SKIP_FILE" />
116-->[androidx.profileinstaller:profileinstaller:1.3.1] AndroidManifest.xml:44:17-85
116-->[androidx.profileinstaller:profileinstaller:1.3.1] AndroidManifest.xml:44:25-82
117            </intent-filter>
118            <intent-filter>
118-->[androidx.profileinstaller:profileinstaller:1.3.1] AndroidManifest.xml:46:13-48:29
119                <action android:name="androidx.profileinstaller.action.SAVE_PROFILE" />
119-->[androidx.profileinstaller:profileinstaller:1.3.1] AndroidManifest.xml:47:17-88
119-->[androidx.profileinstaller:profileinstaller:1.3.1] AndroidManifest.xml:47:25-85
120            </intent-filter>
121            <intent-filter>
121-->[androidx.profileinstaller:profileinstaller:1.3.1] AndroidManifest.xml:49:13-51:29
122                <action android:name="androidx.profileinstaller.action.BENCHMARK_OPERATION" />
122-->[androidx.profileinstaller:profileinstaller:1.3.1] AndroidManifest.xml:50:17-95
122-->[androidx.profileinstaller:profileinstaller:1.3.1] AndroidManifest.xml:50:25-92
123            </intent-filter>
124        </receiver>
125    </application>
126
127</manifest>